<?xml version="1.0" encoding="UTF-8"?>
<testng-results ignored="0" total="3" passed="3" failed="0" skipped="0">
  <reporter-output>
  </reporter-output>
  <suite started-at="2023-08-31T12:35:39 IST" name="AutomationExercise" finished-at="2023-08-31T12:37:25 IST" duration-ms="105703">
    <groups>
    </groups>
    <test started-at="2023-08-31T12:35:39 IST" name="Automation App" finished-at="2023-08-31T12:37:25 IST" duration-ms="105703">
      <class name="com.automationExercise.testCases.TC_025_ScrollUsingArrowKeyTest">
        <test-method is-config="true" signature="setUp(java.lang.String)[pri:0, instance:com.automationExercise.testCases.TC_025_ScrollUsingArrowKeyTest@116a2108]" started-at="2023-08-31T12:36:59 IST" name="setUp" finished-at="2023-08-31T12:37:07 IST" duration-ms="8020" status="PASS">
          <params>
            <param index="0">
              <value>
                <![CDATA[chrome]]>
              </value>
            </param>
          </params>
          <reporter-output>
          </reporter-output>
        </test-method> <!-- setUp -->
        <test-method signature="verifyScrollUsingArrowKey()[pri:0, instance:com.automationExercise.testCases.TC_025_ScrollUsingArrowKeyTest@116a2108]" started-at="2023-08-31T12:37:07 IST" name="verifyScrollUsingArrowKey" finished-at="2023-08-31T12:37:12 IST" duration-ms="5314" status="PASS">
          <reporter-output>
          </reporter-output>
        </test-method> <!-- verifyScrollUsingArrowKey -->
        <test-method is-config="true" signature="teardown()[pri:0, instance:com.automationExercise.testCases.TC_025_ScrollUsingArrowKeyTest@116a2108]" started-at="2023-08-31T12:37:13 IST" name="teardown" finished-at="2023-08-31T12:37:14 IST" duration-ms="588" status="PASS">
          <reporter-output>
          </reporter-output>
        </test-method> <!-- teardown -->
      </class> <!-- com.automationExercise.testCases.TC_025_ScrollUsingArrowKeyTest -->
      <class name="com.automationExercise.testCases.TC_024_DownloadPurchaseInvoiceTest">
        <test-method is-config="true" signature="setUp(java.lang.String)[pri:0, instance:com.automationExercise.testCases.TC_024_DownloadPurchaseInvoiceTest@60acd609]" started-at="2023-08-31T12:35:39 IST" name="setUp" finished-at="2023-08-31T12:35:56 IST" duration-ms="17159" status="PASS">
          <params>
            <param index="0">
              <value>
                <![CDATA[chrome]]>
              </value>
            </param>
          </params>
          <reporter-output>
          </reporter-output>
        </test-method> <!-- setUp -->
        <test-method signature="verifyDownloadPurchaseInvoice()[pri:0, instance:com.automationExercise.testCases.TC_024_DownloadPurchaseInvoiceTest@60acd609]" started-at="2023-08-31T12:35:56 IST" name="verifyDownloadPurchaseInvoice" finished-at="2023-08-31T12:36:57 IST" duration-ms="60810" status="PASS">
          <reporter-output>
          </reporter-output>
        </test-method> <!-- verifyDownloadPurchaseInvoice -->
        <test-method is-config="true" signature="teardown()[pri:0, instance:com.automationExercise.testCases.TC_024_DownloadPurchaseInvoiceTest@60acd609]" started-at="2023-08-31T12:36:58 IST" name="teardown" finished-at="2023-08-31T12:36:59 IST" duration-ms="398" status="PASS">
          <reporter-output>
          </reporter-output>
        </test-method> <!-- teardown -->
      </class> <!-- com.automationExercise.testCases.TC_024_DownloadPurchaseInvoiceTest -->
      <class name="com.automationExercise.testCases.TC_026_ScrollWithoutArrowKeyTest">
        <test-method is-config="true" signature="setUp(java.lang.String)[pri:0, instance:com.automationExercise.testCases.TC_026_ScrollWithoutArrowKeyTest@5e8c34a0]" started-at="2023-08-31T12:37:14 IST" name="setUp" finished-at="2023-08-31T12:37:22 IST" duration-ms="8716" status="PASS">
          <params>
            <param index="0">
              <value>
                <![CDATA[chrome]]>
              </value>
            </param>
          </params>
          <reporter-output>
          </reporter-output>
        </test-method> <!-- setUp -->
        <test-method signature="verifyScrollWithoutArrowKey()[pri:0, instance:com.automationExercise.testCases.TC_026_ScrollWithoutArrowKeyTest@5e8c34a0]" started-at="2023-08-31T12:37:22 IST" name="verifyScrollWithoutArrowKey" finished-at="2023-08-31T12:37:24 IST" duration-ms="1758" status="PASS">
          <reporter-output>
          </reporter-output>
        </test-method> <!-- verifyScrollWithoutArrowKey -->
        <test-method is-config="true" signature="teardown()[pri:0, instance:com.automationExercise.testCases.TC_026_ScrollWithoutArrowKeyTest@5e8c34a0]" started-at="2023-08-31T12:37:24 IST" name="teardown" finished-at="2023-08-31T12:37:25 IST" duration-ms="252" status="PASS">
          <reporter-output>
          </reporter-output>
        </test-method> <!-- teardown -->
      </class> <!-- com.automationExercise.testCases.TC_026_ScrollWithoutArrowKeyTest -->
    </test> <!-- Automation App -->
  </suite> <!-- AutomationExercise -->
</testng-results>
