<?xml version="1.0" encoding="UTF-8"?>
<!-- Generated by org.testng.reporters.JUnitXMLReporter -->
<testsuite ignored="0" hostname="DESKTOP-T9G15NC" failures="0" tests="3" name="Automation App" time="105.703" errors="0" timestamp="2023-08-31T12:37:25 IST">
  <testcase classname="com.automationExercise.testCases.TC_024_DownloadPurchaseInvoiceTest" name="verifyDownloadPurchaseInvoice" time="60.81"/>
  <testcase classname="com.automationExercise.testCases.TC_025_ScrollUsingArrowKeyTest" name="verifyScrollUsingArrowKey" time="5.314"/>
  <testcase classname="com.automationExercise.testCases.TC_026_ScrollWithoutArrowKeyTest" name="verifyScrollWithoutArrowKey" time="1.758"/>
</testsuite> <!-- Automation App -->
